21:22:51.341 [main] INFO  stepdefinition.CabStep - click on cab
21:22:52.774 [main] INFO  stepdefinition.CabStep - select the from city
21:22:54.515 [main] INFO  stepdefinition.CabStep - select the To city
21:22:55.045 [main] INFO  stepdefinition.CabStep - select the Date
21:22:57.346 [main] INFO  stepdefinition.CabStep - click on search button
21:23:00.161 [main] INFO  stepdefinition.CabStep - click on suv type car
21:23:05.358 [main] INFO  stepdefinition.GiftStep - click on giftselect
21:23:08.091 [main] INFO  stepdefinition.GiftStep - click on wedding gift
21:23:09.574 [main] INFO  stepdefinition.GiftStep - enter user Detail
21:23:10.186 [main] INFO  stepdefinition.GiftStep - click on Buy now
21:23:10.498 [main] INFO  stepdefinition.GiftStep - print the error msg
21:23:21.158 [main] INFO  stepdefinition.HotelBookingStep - click on hotel
21:23:22.530 [main] INFO  stepdefinition.HotelBookingStep - Select the room option
21:23:23.935 [main] INFO  stepdefinition.HotelBookingStep - print the adult list
21:24:52.745 [main] INFO  testCases.CabSelect -  ******Cab Selection test case satring********** 
21:24:56.342 [main] INFO  testCases.CabSelect - click on cab
21:24:59.721 [main] INFO  testCases.CabSelect - select from city
21:25:05.448 [main] INFO  testCases.CabSelect - select to city
21:25:06.004 [main] INFO  testCases.CabSelect - select date
21:25:09.632 [main] INFO  testCases.CabSelect - click on searchbutton
21:25:11.506 [main] INFO  testCases.CabSelect - click on SUV type car
21:25:11.901 [main] INFO  testCases.CabSelect - print Carname
21:25:12.275 [main] INFO  testCases.CabSelect - print the lowest car price
21:25:13.943 [main] INFO  testCases.CabSelect - print the Carname and lowest car price in excel
21:25:16.831 [main] INFO  testCases.Giftsection - click on giftmenu
21:25:17.420 [main] INFO  testCases.Giftsection - click on wedding gift section
21:25:19.363 [main] INFO  testCases.Giftsection - enter the user details
21:25:19.939 [main] INFO  testCases.Giftsection - click on buy now button
21:25:20.292 [main] INFO  testCases.Giftsection - print the error msg
21:25:20.515 [main] INFO  testCases.Hotelbookingsection - *****HotelBooking section start*****
21:25:30.929 [main] INFO  testCases.Hotelbookingsection - click on hotel menu
21:25:32.260 [main] INFO  testCases.Hotelbookingsection - click on room info
21:25:32.828 [main] INFO  testCases.Hotelbookingsection - click on adult list
21:43:03.548 [TestNG-tests-1] INFO  testCases.CabSelect -  ******Cab Selection test case satring********** 
21:43:05.068 [TestNG-tests-2] INFO  testCases.CabSelect -  ******Cab Selection test case satring********** 
21:43:06.978 [TestNG-tests-1] INFO  testCases.CabSelect - click on cab
21:43:08.272 [TestNG-tests-2] INFO  testCases.CabSelect - click on cab
21:43:10.326 [TestNG-tests-1] INFO  testCases.CabSelect - select from city
21:46:23.191 [TestNG-tests-2] INFO  testCases.CabSelect -  ******Cab Selection test case satring********** 
21:46:24.978 [TestNG-tests-1] INFO  testCases.CabSelect -  ******Cab Selection test case satring********** 
21:46:26.629 [TestNG-tests-2] INFO  testCases.CabSelect - click on cab
21:46:28.109 [TestNG-tests-1] INFO  testCases.CabSelect - click on cab
21:46:29.792 [TestNG-tests-2] INFO  testCases.CabSelect - select from city
21:50:10.618 [TestNG-tests-2] INFO  testCases.CabSelect -  ******Cab Selection test case satring********** 
21:50:14.136 [TestNG-tests-2] INFO  testCases.CabSelect - click on cab
21:50:17.554 [TestNG-tests-2] INFO  testCases.CabSelect - select from city
21:50:23.428 [TestNG-tests-2] INFO  testCases.CabSelect - select to city
21:50:24.025 [TestNG-tests-2] INFO  testCases.CabSelect - select date
21:50:27.224 [TestNG-tests-2] INFO  testCases.CabSelect - click on searchbutton
21:50:29.500 [TestNG-tests-2] INFO  testCases.CabSelect - click on SUV type car
21:50:29.885 [TestNG-tests-2] INFO  testCases.CabSelect - print Carname
21:50:30.194 [TestNG-tests-2] INFO  testCases.CabSelect - print the lowest car price
21:50:32.457 [TestNG-tests-2] INFO  testCases.CabSelect - print the Carname and lowest car price in excel
21:50:35.373 [TestNG-tests-2] INFO  testCases.Giftsection - click on giftmenu
21:50:36.274 [TestNG-tests-2] INFO  testCases.Giftsection - click on wedding gift section
21:50:38.203 [TestNG-tests-2] INFO  testCases.Giftsection - enter the user details
21:50:38.819 [TestNG-tests-2] INFO  testCases.Giftsection - click on buy now button
21:50:39.155 [TestNG-tests-2] INFO  testCases.Giftsection - print the error msg
21:50:39.391 [TestNG-tests-2] INFO  testCases.Hotelbookingsection - *****HotelBooking section start*****
21:50:49.778 [TestNG-tests-2] INFO  testCases.Hotelbookingsection - click on hotel menu
21:50:51.174 [TestNG-tests-2] INFO  testCases.Hotelbookingsection - click on room info
21:50:51.740 [TestNG-tests-2] INFO  testCases.Hotelbookingsection - click on adult list
21:52:25.251 [TestNG-tests-1] INFO  testCases.CabSelect -  ******Cab Selection test case satring********** 
