11:32:57.789 [TestNG-tests-2] INFO  testCases.TC_01_CabSelectsection -  ******Cab Selection test case satring********** 
11:33:01.296 [TestNG-tests-2] INFO  testCases.TC_03_Hotelbookingsection - *****HotelBooking section start*****
12:05:00.612 [main] INFO  testCases.TC_01_CabSelectsection -  ******Cab Selection test case satring********** 
12:06:26.660 [main] INFO  testCases.TC_01_CabSelectsection -  ******Cab Selection test case satring********** 
12:06:30.208 [main] INFO  testCases.TC_01_CabSelectsection - click on cab
12:06:33.774 [main] INFO  testCases.TC_01_CabSelectsection - select from city
12:09:48.762 [main] INFO  testCases.TC_01_CabSelectsection -  ******Cab Selection test case satring********** 
12:10:34.463 [main] INFO  testCases.TC_01_CabSelectsection -  ******Cab Selection test case satring********** 
12:10:37.795 [main] INFO  testCases.TC_01_CabSelectsection - click on cab
12:10:40.570 [main] INFO  testCases.TC_01_CabSelectsection - select from city
12:12:08.073 [main] INFO  testCases.TC_01_CabSelectsection -  ******Cab Selection test case satring********** 
12:12:11.416 [main] INFO  testCases.TC_01_CabSelectsection - click on cab
12:12:14.210 [main] INFO  testCases.TC_01_CabSelectsection - select from city
12:13:39.656 [main] INFO  stepdefinition.CabStep - click on cab
12:13:40.841 [main] INFO  stepdefinition.CabStep - select the from city
12:14:12.724 [main] INFO  stepdefinition.HotelBookingStep - click on hotel
12:14:13.633 [main] INFO  stepdefinition.HotelBookingStep - Select the room option
12:14:15.782 [main] INFO  stepdefinition.HotelBookingStep - print the adult list
12:34:56.136 [main] INFO  testCases.TC_01_CabSelectsection -  ******Cab Selection test case satring********** 
12:35:52.354 [main] INFO  testCases.TC_01_CabSelectsection - click on cab
12:35:55.384 [main] INFO  testCases.TC_01_CabSelectsection - select from city
12:36:00.737 [main] INFO  testCases.TC_01_CabSelectsection - select to city
12:36:00.968 [main] INFO  testCases.TC_01_CabSelectsection - select date
12:36:04.904 [main] INFO  testCases.TC_01_CabSelectsection - click on searchbutton
12:36:06.857 [main] INFO  testCases.TC_01_CabSelectsection - click on SUV type car
12:36:06.948 [main] INFO  testCases.TC_01_CabSelectsection - print Carname
12:36:07.014 [main] INFO  testCases.TC_01_CabSelectsection - print the lowest car price
12:36:09.070 [main] INFO  testCases.TC_01_CabSelectsection - print the Carname and lowest car price in excel
12:36:45.487 [main] INFO  testCases.TC_01_CabSelectsection -  ******Cab Selection test case satring********** 
12:36:49.548 [main] INFO  testCases.TC_01_CabSelectsection - click on cab
12:36:53.666 [main] INFO  testCases.TC_01_CabSelectsection - select from city
12:39:50.398 [main] INFO  testCases.TC_01_CabSelectsection -  ******Cab Selection test case satring********** 
12:39:53.874 [main] INFO  testCases.TC_01_CabSelectsection - click on cab
12:39:57.210 [main] INFO  testCases.TC_01_CabSelectsection - select from city
12:40:02.936 [main] INFO  testCases.TC_01_CabSelectsection - select to city
12:40:03.559 [main] INFO  testCases.TC_01_CabSelectsection - select date
12:40:38.739 [main] INFO  testCases.TC_01_CabSelectsection - click on searchbutton
14:30:34.671 [main] INFO  testCases.TC_01_CabSelectsection -  ******Cab Selection test case satring********** 
14:30:38.137 [main] INFO  testCases.TC_01_CabSelectsection - click on cab
14:30:41.286 [main] INFO  testCases.TC_01_CabSelectsection - select from city
14:30:47.006 [main] INFO  testCases.TC_01_CabSelectsection - select to city
14:30:47.613 [main] INFO  testCases.TC_01_CabSelectsection - select date
14:30:51.448 [main] INFO  testCases.TC_01_CabSelectsection - click on searchbutton
14:30:55.352 [main] INFO  testCases.TC_01_CabSelectsection - click on SUV type car
14:30:55.730 [main] INFO  testCases.TC_01_CabSelectsection - print Carname
14:30:56.029 [main] INFO  testCases.TC_01_CabSelectsection - print the lowest car price
14:30:58.183 [main] INFO  testCases.TC_01_CabSelectsection - print the Carname and lowest car price in excel
14:31:02.834 [main] INFO  testCases.TC_02_Giftsection - click on giftmenu
14:31:06.041 [main] INFO  testCases.TC_02_Giftsection - click on wedding gift section
14:31:08.016 [main] INFO  testCases.TC_02_Giftsection - enter the user details
14:31:08.648 [main] INFO  testCases.TC_02_Giftsection - click on buy now button
14:31:09.020 [main] INFO  testCases.TC_02_Giftsection - print the error msg
14:31:09.288 [main] INFO  testCases.TC_03_Hotelbookingsection - *****HotelBooking section start*****
14:31:19.714 [main] INFO  testCases.TC_03_Hotelbookingsection - click on hotel menu
14:31:20.800 [main] INFO  testCases.TC_03_Hotelbookingsection - click on room info
14:31:21.433 [main] INFO  testCases.TC_03_Hotelbookingsection - click on adult list
14:46:29.397 [main] INFO  testCases.TC_01_CabSelectsection -  ******Cab Selection test case satring********** 
14:46:32.821 [main] INFO  testCases.TC_01_CabSelectsection - click on cab
